<?xml version="1.0" encoding="UTF-8"?>
<!-- Generated by org.testng.reporters.JUnitXMLReporter -->
<testsuite hostname="DESKTOP-1C9M42M" tests="30" failures="0" timestamp="13 Dec 2017 15:00:32 GMT" time="1.113" errors="0">
  <testcase name="testCosZeros on testCosZeros(AdvancedCosineTest)" time="0.042" classname="AdvancedCosineTest"/>
  <testcase name="testCosNegativeNumbers on testCosNegativeNumbers(AdvancedCosineTest)" time="0.024" classname="AdvancedCosineTest"/>
  <testcase name="testCosPostiveNumbers on testCosPostiveNumbers(AdvancedCosineTest)" time="0.016" classname="AdvancedCosineTest"/>
  <testcase name="testSqrdZeros on testSqrdZeros(AdvancedSquaredTest)" time="0.021" classname="AdvancedSquaredTest"/>
  <testcase name="testSqrdNegativeNumbers on testSqrdNegativeNumbers(AdvancedSquaredTest)" time="0.01" classname="AdvancedSquaredTest"/>
  <testcase name="testSqrdPostiveNumbers on testSqrdPostiveNumbers(AdvancedSquaredTest)" time="0.015" classname="AdvancedSquaredTest"/>
  <testcase name="testSqrtZeros on testSqrtZeros(AdvancedSquareRootTest)" time="0.012" classname="AdvancedSquareRootTest"/>
  <testcase name="testSqrtPostiveNumbers on testSqrtPostiveNumbers(AdvancedSquareRootTest)" time="0.022" classname="AdvancedSquareRootTest"/>
  <testcase name="testSqrtNegativeNumbers on testSqrtNegativeNumbers(AdvancedSquareRootTest)" time="0.007" classname="AdvancedSquareRootTest"/>
  <testcase name="testSubZeros on testSubZeros(BasicSubtractionTest)" time="0.015" classname="BasicSubtractionTest"/>
  <testcase name="testSubPositiveNumbers on testSubPositiveNumbers(BasicSubtractionTest)" time="0.024" classname="BasicSubtractionTest"/>
  <testcase name="testSubNegativeNumbers on testSubNegativeNumbers(BasicSubtractionTest)" time="0.013" classname="BasicSubtractionTest"/>
  <testcase name="testLogNegativeNumbers on testLogNegativeNumbers(AdvancedLogarithmTest)" time="0.042" classname="AdvancedLogarithmTest"/>
  <testcase name="testLogZeros on testLogZeros(AdvancedLogarithmTest)" time="0.016" classname="AdvancedLogarithmTest"/>
  <testcase name="testLogPostiveNumbers on testLogPostiveNumbers(AdvancedLogarithmTest)" time="0.005" classname="AdvancedLogarithmTest"/>
  <testcase name="testSinNegativeNumbers on testSinNegativeNumbers(AdvancedSineTest)" time="0.008" classname="AdvancedSineTest"/>
  <testcase name="testSinPostiveNumbers on testSinPostiveNumbers(AdvancedSineTest)" time="0.013" classname="AdvancedSineTest"/>
  <testcase name="testSinZeros on testSinZeros(AdvancedSineTest)" time="0.006" classname="AdvancedSineTest"/>
  <testcase name="testMulPositiveNumbers on testMulPositiveNumbers(BasicMultiplicationTest)" time="0.021" classname="BasicMultiplicationTest"/>
  <testcase name="testMulNegativeNumbers on testMulNegativeNumbers(BasicMultiplicationTest)" time="0.046" classname="BasicMultiplicationTest"/>
  <testcase name="testMulZeros on testMulZeros(BasicMultiplicationTest)" time="0.004" classname="BasicMultiplicationTest"/>
  <testcase name="testDivPositiveNumbers on testDivPositiveNumbers(BasicDivisionTest)" time="0.004" classname="BasicDivisionTest"/>
  <testcase name="testDivNegativeNumbers on testDivNegativeNumbers(BasicDivisionTest)" time="0.009" classname="BasicDivisionTest"/>
  <testcase name="testDivZeros on testDivZeros(BasicDivisionTest)" time="0.004" classname="BasicDivisionTest"/>
  <testcase name="testAddZeros on testAddZeros(BasicAdditionTest)" time="0.004" classname="BasicAdditionTest"/>
  <testcase name="testAddPositiveNumbers on testAddPositiveNumbers(BasicAdditionTest)" time="0.004" classname="BasicAdditionTest"/>
  <testcase name="testAddNegativeNumbers on testAddNegativeNumbers(BasicAdditionTest)" time="0.007" classname="BasicAdditionTest"/>
  <testcase name="testTanZeros on testTanZeros(AdvancedTangentTest)" time="0.018" classname="AdvancedTangentTest"/>
  <testcase name="testTanNegativeNumbers on testTanNegativeNumbers(AdvancedTangentTest)" time="0.018" classname="AdvancedTangentTest"/>
  <testcase name="testTanPostiveNumbers on testTanPostiveNumbers(AdvancedTangentTest)" time="0.011" classname="AdvancedTangentTest"/>
</testsuite>
